 * Serving Flask app "apiServer" (lazy loading)
 * Environment: production
   WARNING: This is a development server. Do not use it in a production deployment.
   Use a production WSGI server instead.
 * Debug mode: off
INFO:werkzeug: * Running on http://127.0.0.1:5000/ (Press CTRL+C to quit)
 * Serving Flask app "apiServer" (lazy loading)
 * Environment: production
   WARNING: This is a development server. Do not use it in a production deployment.
   Use a production WSGI server instead.
 * Debug mode: off
INFO:werkzeug: * Running on http://127.0.0.1:5000/ (Press CTRL+C to quit)
INFO:werkzeug:127.0.0.1 - - [14/Jul/2019 18:54:25] "[37mPOST /chat/11 HTTP/1.1[0m" 200 -
INFO:werkzeug:127.0.0.1 - - [14/Jul/2019 18:54:46] "[37mPOST /chat/16 HTTP/1.0[0m" 200 -
INFO:werkzeug:127.0.0.1 - - [14/Jul/2019 18:54:54] "[37mPOST /chat/16 HTTP/1.0[0m" 200 -
INFO:werkzeug:127.0.0.1 - - [14/Jul/2019 18:55:01] "[37mPOST /chat/16 HTTP/1.0[0m" 200 -
INFO:werkzeug:127.0.0.1 - - [14/Jul/2019 18:55:29] "[1m[31mGET /chat/<user_id> HTTP/1.0[0m" 405 -
INFO:werkzeug:127.0.0.1 - - [14/Jul/2019 18:59:30] "[1m[31mGET /chat/<user_id> HTTP/1.0[0m" 405 -
INFO:werkzeug:127.0.0.1 - - [14/Jul/2019 18:59:52] "[1m[31mGET /chat/<user_id> HTTP/1.0[0m" 405 -
INFO:werkzeug:127.0.0.1 - - [14/Jul/2019 18:59:59] "[1m[31mGET /chat/3 HTTP/1.0[0m" 405 -
ERROR:apiServer:Exception on /chat/1 [POST]
Traceback (most recent call last):
  File "/home/black/anaconda3/envs/rasa/lib/python3.6/site-packages/flask/app.py", line 2446, in wsgi_app
    response = self.full_dispatch_request()
  File "/home/black/anaconda3/envs/rasa/lib/python3.6/site-packages/flask/app.py", line 1951, in full_dispatch_request
    rv = self.handle_user_exception(e)
  File "/home/black/anaconda3/envs/rasa/lib/python3.6/site-packages/flask/app.py", line 1820, in handle_user_exception
    reraise(exc_type, exc_value, tb)
  File "/home/black/anaconda3/envs/rasa/lib/python3.6/site-packages/flask/_compat.py", line 39, in reraise
    raise value
  File "/home/black/anaconda3/envs/rasa/lib/python3.6/site-packages/flask/app.py", line 1949, in full_dispatch_request
    rv = self.dispatch_request()
  File "/home/black/anaconda3/envs/rasa/lib/python3.6/site-packages/flask/app.py", line 1935, in dispatch_request
    return self.view_functions[rule.endpoint](**req.view_args)
  File "apiServer.py", line 8, in chat
    if 'msg' not in data:
TypeError: argument of type 'NoneType' is not iterable
INFO:werkzeug:127.0.0.1 - - [14/Jul/2019 19:10:07] "[1m[35mPOST /chat/1 HTTP/1.0[0m" 500 -
INFO:werkzeug:127.0.0.1 - - [14/Jul/2019 19:10:15] "[37mPOST /chat/1 HTTP/1.0[0m" 200 -
 * Serving Flask app "apiServer" (lazy loading)
 * Environment: production
   WARNING: This is a development server. Do not use it in a production deployment.
   Use a production WSGI server instead.
 * Debug mode: off
 * Running on http://127.0.0.1:5000/ (Press CTRL+C to quit)
127.0.0.1 - - [15/Jul/2019 14:16:03] "[37mPOST /chat/11 HTTP/1.1[0m" 200 -
127.0.0.1 - - [15/Jul/2019 15:31:32] "[37mPOST /chat/16 HTTP/1.0[0m" 200 -
127.0.0.1 - - [15/Jul/2019 16:13:24] "[37mPOST /chat/169 HTTP/1.0[0m" 200 -
127.0.0.1 - - [15/Jul/2019 16:17:42] "[37mPOST /chat/169 HTTP/1.0[0m" 200 -
127.0.0.1 - - [15/Jul/2019 16:18:06] "[37mPOST /chat/169 HTTP/1.0[0m" 200 -
127.0.0.1 - - [15/Jul/2019 16:18:29] "[37mPOST /chat/169 HTTP/1.0[0m" 200 -
127.0.0.1 - - [15/Jul/2019 16:18:45] "[37mPOST /chat/169 HTTP/1.0[0m" 200 -
127.0.0.1 - - [15/Jul/2019 16:18:59] "[37mPOST /chat/169 HTTP/1.0[0m" 200 -
127.0.0.1 - - [15/Jul/2019 16:19:14] "[37mPOST /chat/169 HTTP/1.0[0m" 200 -
127.0.0.1 - - [15/Jul/2019 16:19:17] "[37mPOST /chat/169 HTTP/1.0[0m" 200 -
127.0.0.1 - - [15/Jul/2019 16:19:24] "[37mPOST /chat/169 HTTP/1.0[0m" 200 -
127.0.0.1 - - [15/Jul/2019 16:19:31] "[37mPOST /chat/169 HTTP/1.0[0m" 200 -
127.0.0.1 - - [15/Jul/2019 16:19:33] "[37mPOST /chat/169 HTTP/1.0[0m" 200 -
127.0.0.1 - - [15/Jul/2019 16:19:35] "[37mPOST /chat/169 HTTP/1.0[0m" 200 -
127.0.0.1 - - [15/Jul/2019 16:19:36] "[37mPOST /chat/169 HTTP/1.0[0m" 200 -
127.0.0.1 - - [15/Jul/2019 16:19:38] "[37mPOST /chat/169 HTTP/1.0[0m" 200 -
127.0.0.1 - - [15/Jul/2019 16:19:40] "[37mPOST /chat/169 HTTP/1.0[0m" 200 -
127.0.0.1 - - [15/Jul/2019 16:19:42] "[37mPOST /chat/169 HTTP/1.0[0m" 200 -
127.0.0.1 - - [15/Jul/2019 16:19:44] "[37mPOST /chat/169 HTTP/1.0[0m" 200 -
127.0.0.1 - - [15/Jul/2019 16:19:47] "[37mPOST /chat/169 HTTP/1.0[0m" 200 -
127.0.0.1 - - [15/Jul/2019 16:21:36] "[37mPOST /chat/169 HTTP/1.0[0m" 200 -
127.0.0.1 - - [15/Jul/2019 16:21:40] "[37mPOST /chat/169 HTTP/1.0[0m" 200 -
127.0.0.1 - - [15/Jul/2019 16:21:44] "[37mPOST /chat/169 HTTP/1.0[0m" 200 -
127.0.0.1 - - [15/Jul/2019 16:25:15] "[37mPOST /chat/12 HTTP/1.0[0m" 200 -
127.0.0.1 - - [15/Jul/2019 16:25:17] "[37mPOST /chat/12 HTTP/1.0[0m" 200 -
 * Serving Flask app "apiServer" (lazy loading)
 * Environment: production
   WARNING: This is a development server. Do not use it in a production deployment.
   Use a production WSGI server instead.
 * Debug mode: off
 * Running on http://127.0.0.1:5000/ (Press CTRL+C to quit)
127.0.0.1 - - [15/Jul/2019 16:39:16] "[37mPOST /chat/11 HTTP/1.1[0m" 200 -
127.0.0.1 - - [15/Jul/2019 16:39:18] "[37mPOST /chat/11 HTTP/1.1[0m" 200 -
127.0.0.1 - - [15/Jul/2019 16:39:19] "[37mPOST /chat/11 HTTP/1.1[0m" 200 -
127.0.0.1 - - [15/Jul/2019 16:39:45] "[37mPOST /chat/11 HTTP/1.0[0m" 200 -
127.0.0.1 - - [15/Jul/2019 16:39:48] "[37mPOST /chat/11 HTTP/1.0[0m" 200 -
127.0.0.1 - - [15/Jul/2019 16:44:59] "[37mPOST /chat/11 HTTP/1.0[0m" 200 -
127.0.0.1 - - [15/Jul/2019 16:45:15] "[37mPOST /chat/169 HTTP/1.0[0m" 200 -
127.0.0.1 - - [15/Jul/2019 16:45:19] "[37mPOST /chat/169 HTTP/1.0[0m" 200 -
127.0.0.1 - - [15/Jul/2019 16:45:25] "[37mPOST /chat/169 HTTP/1.0[0m" 200 -
127.0.0.1 - - [15/Jul/2019 16:45:26] "[1m[35mPOST /chat/169 HTTP/1.0[0m" 502 -
127.0.0.1 - - [15/Jul/2019 16:45:28] "[37mPOST /chat/11 HTTP/1.0[0m" 200 -
127.0.0.1 - - [15/Jul/2019 16:45:28] "[37mPOST /chat/169 HTTP/1.0[0m" 200 -
127.0.0.1 - - [15/Jul/2019 16:45:39] "[37mPOST /chat/11 HTTP/1.0[0m" 200 -
127.0.0.1 - - [15/Jul/2019 16:45:45] "[37mPOST /chat/11 HTTP/1.0[0m" 200 -
127.0.0.1 - - [15/Jul/2019 16:45:56] "[37mPOST /chat/11 HTTP/1.0[0m" 200 -
127.0.0.1 - - [15/Jul/2019 16:46:03] "[37mPOST /chat/11 HTTP/1.0[0m" 200 -
127.0.0.1 - - [15/Jul/2019 16:46:18] "[37mPOST /chat/11 HTTP/1.0[0m" 200 -
127.0.0.1 - - [15/Jul/2019 16:46:51] "[37mPOST /chat/11 HTTP/1.0[0m" 200 -
127.0.0.1 - - [15/Jul/2019 16:46:53] "[37mPOST /chat/169 HTTP/1.0[0m" 200 -
127.0.0.1 - - [15/Jul/2019 16:46:57] "[37mPOST /chat/169 HTTP/1.0[0m" 200 -
127.0.0.1 - - [15/Jul/2019 16:47:00] "[37mPOST /chat/169 HTTP/1.0[0m" 200 -
127.0.0.1 - - [15/Jul/2019 16:47:03] "[37mPOST /chat/169 HTTP/1.0[0m" 200 -
127.0.0.1 - - [15/Jul/2019 16:50:45] "[37mPOST /chat/11 HTTP/1.0[0m" 200 -
127.0.0.1 - - [15/Jul/2019 16:50:54] "[37mPOST /chat/11 HTTP/1.0[0m" 200 -
127.0.0.1 - - [15/Jul/2019 16:51:20] "[37mPOST /chat/169 HTTP/1.0[0m" 200 -
127.0.0.1 - - [15/Jul/2019 16:51:24] "[37mPOST /chat/169 HTTP/1.0[0m" 200 -
127.0.0.1 - - [15/Jul/2019 16:52:15] "[37mPOST /chat/11 HTTP/1.0[0m" 200 -
 * Serving Flask app "apiServer" (lazy loading)
 * Environment: production
   WARNING: This is a development server. Do not use it in a production deployment.
   Use a production WSGI server instead.
 * Debug mode: off
 * Running on http://127.0.0.1:5000/ (Press CTRL+C to quit)
127.0.0.1 - - [15/Jul/2019 17:09:38] "[37mPOST /chat/1 HTTP/1.0[0m" 200 -
127.0.0.1 - - [15/Jul/2019 17:09:59] "[37mPOST /chat/1 HTTP/1.0[0m" 200 -
127.0.0.1 - - [15/Jul/2019 17:10:16] "[37mPOST /chat/1 HTTP/1.0[0m" 200 -
127.0.0.1 - - [15/Jul/2019 17:10:34] "[37mPOST /chat/1 HTTP/1.0[0m" 200 -
127.0.0.1 - - [15/Jul/2019 17:12:38] "[37mPOST /chat/11 HTTP/1.0[0m" 200 -
127.0.0.1 - - [15/Jul/2019 17:13:19] "[37mPOST /chat/11 HTTP/1.0[0m" 200 -
 * Serving Flask app "apiServer" (lazy loading)
 * Environment: production
   WARNING: This is a development server. Do not use it in a production deployment.
   Use a production WSGI server instead.
 * Debug mode: off
 * Running on http://127.0.0.1:5000/ (Press CTRL+C to quit)
[2019-07-15 17:39:12,964] ERROR in app: Exception on /chat/11 [POST]
Traceback (most recent call last):
  File "/home/black/anaconda3/envs/rasa_chatbot/lib/python3.6/site-packages/flask/app.py", line 2446, in wsgi_app
    response = self.full_dispatch_request()
  File "/home/black/anaconda3/envs/rasa_chatbot/lib/python3.6/site-packages/flask/app.py", line 1951, in full_dispatch_request
    rv = self.handle_user_exception(e)
  File "/home/black/anaconda3/envs/rasa_chatbot/lib/python3.6/site-packages/flask/app.py", line 1820, in handle_user_exception
    reraise(exc_type, exc_value, tb)
  File "/home/black/anaconda3/envs/rasa_chatbot/lib/python3.6/site-packages/flask/_compat.py", line 39, in reraise
    raise value
  File "/home/black/anaconda3/envs/rasa_chatbot/lib/python3.6/site-packages/flask/app.py", line 1949, in full_dispatch_request
    rv = self.dispatch_request()
  File "/home/black/anaconda3/envs/rasa_chatbot/lib/python3.6/site-packages/flask/app.py", line 1935, in dispatch_request
    return self.view_functions[rule.endpoint](**req.view_args)
  File "apiServer.py", line 15, in chat
    msg = bot.askBot(msg)
  File "/home/black/workSpace/nlu/gumi_project/simpleApiServer/botApi.py", line 47, in askBot
    return self.translate(messages[0]['text'])
  File "/home/black/workSpace/nlu/gumi_project/simpleApiServer/botApi.py", line 34, in translate
    result = translator.translate(text, src='vi', dest='en')
NameError: name 'translator' is not defined
127.0.0.1 - - [15/Jul/2019 17:39:12] "[1m[35mPOST /chat/11 HTTP/1.0[0m" 500 -
 * Serving Flask app "apiServer" (lazy loading)
 * Environment: production
   WARNING: This is a development server. Do not use it in a production deployment.
   Use a production WSGI server instead.
 * Debug mode: off
 * Running on http://127.0.0.1:5000/ (Press CTRL+C to quit)
127.0.0.1 - - [15/Jul/2019 17:40:24] "[37mPOST /chat/11 HTTP/1.0[0m" 200 -
127.0.0.1 - - [15/Jul/2019 17:41:33] "[37mPOST /chat/1 HTTP/1.0[0m" 200 -
127.0.0.1 - - [15/Jul/2019 17:41:39] "[37mPOST /chat/1 HTTP/1.0[0m" 200 -
127.0.0.1 - - [15/Jul/2019 17:41:54] "[37mPOST /chat/1 HTTP/1.0[0m" 200 -
127.0.0.1 - - [15/Jul/2019 17:42:02] "[37mPOST /chat/1 HTTP/1.0[0m" 200 -
127.0.0.1 - - [15/Jul/2019 17:42:23] "[37mPOST /chat/1 HTTP/1.0[0m" 200 -
127.0.0.1 - - [15/Jul/2019 17:42:34] "[37mPOST /chat/1 HTTP/1.0[0m" 200 -
127.0.0.1 - - [15/Jul/2019 17:42:56] "[37mPOST /chat/1 HTTP/1.0[0m" 200 -
127.0.0.1 - - [15/Jul/2019 17:43:07] "[37mPOST /chat/1 HTTP/1.0[0m" 200 -
127.0.0.1 - - [15/Jul/2019 17:43:09] "[1m[35mPOST /chat/1 HTTP/1.0[0m" 502 -
127.0.0.1 - - [15/Jul/2019 17:43:09] "[37mPOST /chat/1 HTTP/1.0[0m" 200 -
127.0.0.1 - - [15/Jul/2019 17:43:25] "[37mPOST /chat/1 HTTP/1.0[0m" 200 -
127.0.0.1 - - [15/Jul/2019 17:43:33] "[37mPOST /chat/1 HTTP/1.0[0m" 200 -
127.0.0.1 - - [15/Jul/2019 17:43:42] "[37mPOST /chat/1 HTTP/1.0[0m" 200 -
127.0.0.1 - - [15/Jul/2019 17:43:47] "[37mPOST /chat/1 HTTP/1.0[0m" 200 -
127.0.0.1 - - [15/Jul/2019 17:44:25] "[37mPOST /chat/1 HTTP/1.0[0m" 200 -
127.0.0.1 - - [15/Jul/2019 17:44:27] "[37mPOST /chat/1 HTTP/1.0[0m" 200 -
127.0.0.1 - - [15/Jul/2019 17:55:45] "[37mPOST /chat/11 HTTP/1.0[0m" 200 -
127.0.0.1 - - [15/Jul/2019 17:55:55] "[37mPOST /chat/11 HTTP/1.0[0m" 200 -
127.0.0.1 - - [15/Jul/2019 17:58:22] "[1m[35mPOST /chat/11 HTTP/1.0[0m" 502 -
127.0.0.1 - - [15/Jul/2019 17:58:30] "[1m[35mPOST /chat/11 HTTP/1.0[0m" 502 -
127.0.0.1 - - [15/Jul/2019 17:58:33] "[1m[35mPOST /chat/11 HTTP/1.0[0m" 502 -
127.0.0.1 - - [15/Jul/2019 17:59:24] "[37mPOST /chat/11 HTTP/1.0[0m" 200 -
[2019-07-15 18:01:24,230] ERROR in app: Exception on /chat/11 [POST]
Traceback (most recent call last):
  File "/home/black/anaconda3/envs/rasa_chatbot/lib/python3.6/site-packages/urllib3/connection.py", line 160, in _new_conn
    (self._dns_host, self.port), self.timeout, **extra_kw)
  File "/home/black/anaconda3/envs/rasa_chatbot/lib/python3.6/site-packages/urllib3/util/connection.py", line 80, in create_connection
    raise err
  File "/home/black/anaconda3/envs/rasa_chatbot/lib/python3.6/site-packages/urllib3/util/connection.py", line 70, in create_connection
    sock.connect(sa)
ConnectionRefusedError: [Errno 111] Connection refused

During handling of the above exception, another exception occurred:

Traceback (most recent call last):
  File "/home/black/anaconda3/envs/rasa_chatbot/lib/python3.6/site-packages/urllib3/connectionpool.py", line 603, in urlopen
    chunked=chunked)
  File "/home/black/anaconda3/envs/rasa_chatbot/lib/python3.6/site-packages/urllib3/connectionpool.py", line 355, in _make_request
    conn.request(method, url, **httplib_request_kw)
  File "/home/black/anaconda3/envs/rasa_chatbot/lib/python3.6/http/client.py", line 1239, in request
    self._send_request(method, url, body, headers, encode_chunked)
  File "/home/black/anaconda3/envs/rasa_chatbot/lib/python3.6/http/client.py", line 1285, in _send_request
    self.endheaders(body, encode_chunked=encode_chunked)
  File "/home/black/anaconda3/envs/rasa_chatbot/lib/python3.6/http/client.py", line 1234, in endheaders
    self._send_output(message_body, encode_chunked=encode_chunked)
  File "/home/black/anaconda3/envs/rasa_chatbot/lib/python3.6/http/client.py", line 1026, in _send_output
    self.send(msg)
  File "/home/black/anaconda3/envs/rasa_chatbot/lib/python3.6/http/client.py", line 964, in send
    self.connect()
  File "/home/black/anaconda3/envs/rasa_chatbot/lib/python3.6/site-packages/urllib3/connection.py", line 183, in connect
    conn = self._new_conn()
  File "/home/black/anaconda3/envs/rasa_chatbot/lib/python3.6/site-packages/urllib3/connection.py", line 169, in _new_conn
    self, "Failed to establish a new connection: %s" % e)
urllib3.exceptions.NewConnectionError: <urllib3.connection.HTTPConnection object at 0x7f8a6851b4a8>: Failed to establish a new connection: [Errno 111] Connection refused

During handling of the above exception, another exception occurred:

Traceback (most recent call last):
  File "/home/black/anaconda3/envs/rasa_chatbot/lib/python3.6/site-packages/requests/adapters.py", line 449, in send
    timeout=timeout
  File "/home/black/anaconda3/envs/rasa_chatbot/lib/python3.6/site-packages/urllib3/connectionpool.py", line 641, in urlopen
    _stacktrace=sys.exc_info()[2])
  File "/home/black/anaconda3/envs/rasa_chatbot/lib/python3.6/site-packages/urllib3/util/retry.py", line 399, in increment
    raise MaxRetryError(_pool, url, error or ResponseError(cause))
urllib3.exceptions.MaxRetryError: HTTPConnectionPool(host='127.0.0.1', port=5006): Max retries exceeded with url: /conversations/11/messages (Caused by NewConnectionError('<urllib3.connection.HTTPConnection object at 0x7f8a6851b4a8>: Failed to establish a new connection: [Errno 111] Connection refused',))

During handling of the above exception, another exception occurred:

Traceback (most recent call last):
  File "/home/black/anaconda3/envs/rasa_chatbot/lib/python3.6/site-packages/flask/app.py", line 2446, in wsgi_app
    response = self.full_dispatch_request()
  File "/home/black/anaconda3/envs/rasa_chatbot/lib/python3.6/site-packages/flask/app.py", line 1951, in full_dispatch_request
    rv = self.handle_user_exception(e)
  File "/home/black/anaconda3/envs/rasa_chatbot/lib/python3.6/site-packages/flask/app.py", line 1820, in handle_user_exception
    reraise(exc_type, exc_value, tb)
  File "/home/black/anaconda3/envs/rasa_chatbot/lib/python3.6/site-packages/flask/_compat.py", line 39, in reraise
    raise value
  File "/home/black/anaconda3/envs/rasa_chatbot/lib/python3.6/site-packages/flask/app.py", line 1949, in full_dispatch_request
    rv = self.dispatch_request()
  File "/home/black/anaconda3/envs/rasa_chatbot/lib/python3.6/site-packages/flask/app.py", line 1935, in dispatch_request
    return self.view_functions[rule.endpoint](**req.view_args)
  File "apiServer.py", line 15, in chat
    msg = bot.askBot(msg)
  File "/home/black/workSpace/nlu/gumi_project/simpleApiServer/botApi.py", line 37, in askBot
    if self.requestMsg(msg) != requests.codes.ok:
  File "/home/black/workSpace/nlu/gumi_project/simpleApiServer/botApi.py", line 14, in requestMsg
    response = requests.post(self.urlAddMsg, json={"text":msg, "sender":"user"})
  File "/home/black/anaconda3/envs/rasa_chatbot/lib/python3.6/site-packages/requests/api.py", line 116, in post
    return request('post', url, data=data, json=json, **kwargs)
  File "/home/black/anaconda3/envs/rasa_chatbot/lib/python3.6/site-packages/requests/api.py", line 60, in request
    return session.request(method=method, url=url, **kwargs)
  File "/home/black/anaconda3/envs/rasa_chatbot/lib/python3.6/site-packages/requests/sessions.py", line 533, in request
    resp = self.send(prep, **send_kwargs)
  File "/home/black/anaconda3/envs/rasa_chatbot/lib/python3.6/site-packages/requests/sessions.py", line 646, in send
    r = adapter.send(request, **kwargs)
  File "/home/black/anaconda3/envs/rasa_chatbot/lib/python3.6/site-packages/requests/adapters.py", line 516, in send
    raise ConnectionError(e, request=request)
requests.exceptions.ConnectionError: HTTPConnectionPool(host='127.0.0.1', port=5006): Max retries exceeded with url: /conversations/11/messages (Caused by NewConnectionError('<urllib3.connection.HTTPConnection object at 0x7f8a6851b4a8>: Failed to establish a new connection: [Errno 111] Connection refused',))
127.0.0.1 - - [15/Jul/2019 18:01:24] "[1m[35mPOST /chat/11 HTTP/1.0[0m" 500 -
127.0.0.1 - - [15/Jul/2019 18:01:29] "[37mPOST /chat/11 HTTP/1.0[0m" 200 -
127.0.0.1 - - [15/Jul/2019 18:02:27] "[37mPOST /chat/11 HTTP/1.0[0m" 200 -
127.0.0.1 - - [15/Jul/2019 18:02:34] "[37mPOST /chat/11 HTTP/1.0[0m" 200 -
127.0.0.1 - - [15/Jul/2019 18:03:00] "[37mPOST /chat/11 HTTP/1.0[0m" 200 -
127.0.0.1 - - [15/Jul/2019 18:03:27] "[37mPOST /chat/11 HTTP/1.0[0m" 200 -
 * Serving Flask app "apiServer" (lazy loading)
 * Environment: production
   WARNING: This is a development server. Do not use it in a production deployment.
   Use a production WSGI server instead.
 * Debug mode: off
 * Running on http://127.0.0.1:5000/ (Press CTRL+C to quit)
127.0.0.1 - - [15/Jul/2019 18:21:56] "[37mPOST /chat/169 HTTP/1.0[0m" 200 -
127.0.0.1 - - [15/Jul/2019 18:24:05] "[37mPOST /chat/169 HTTP/1.0[0m" 200 -
127.0.0.1 - - [15/Jul/2019 18:24:27] "[37mPOST /chat/169 HTTP/1.0[0m" 200 -
127.0.0.1 - - [15/Jul/2019 18:25:03] "[37mPOST /chat/169 HTTP/1.0[0m" 200 -
127.0.0.1 - - [15/Jul/2019 18:25:10] "[37mPOST /chat/169 HTTP/1.0[0m" 200 -
127.0.0.1 - - [15/Jul/2019 18:25:21] "[37mPOST /chat/169 HTTP/1.0[0m" 200 -
127.0.0.1 - - [15/Jul/2019 18:26:25] "[37mPOST /chat/169 HTTP/1.0[0m" 200 -
127.0.0.1 - - [15/Jul/2019 18:27:05] "[37mPOST /chat/169 HTTP/1.0[0m" 200 -
127.0.0.1 - - [15/Jul/2019 18:27:21] "[37mPOST /chat/169 HTTP/1.0[0m" 200 -
127.0.0.1 - - [15/Jul/2019 18:28:35] "[37mPOST /chat/169 HTTP/1.0[0m" 200 -
127.0.0.1 - - [15/Jul/2019 18:31:09] "[37mPOST /chat/169 HTTP/1.0[0m" 200 -
127.0.0.1 - - [15/Jul/2019 18:31:16] "[37mPOST /chat/169 HTTP/1.0[0m" 200 -
127.0.0.1 - - [15/Jul/2019 18:31:30] "[37mPOST /chat/169 HTTP/1.0[0m" 200 -
127.0.0.1 - - [15/Jul/2019 18:31:42] "[37mPOST /chat/169 HTTP/1.0[0m" 200 -
127.0.0.1 - - [15/Jul/2019 18:31:54] "[37mPOST /chat/169 HTTP/1.0[0m" 200 -
127.0.0.1 - - [15/Jul/2019 18:32:17] "[37mPOST /chat/169 HTTP/1.0[0m" 200 -
127.0.0.1 - - [15/Jul/2019 18:37:39] "[37mPOST /chat/169 HTTP/1.0[0m" 200 -
127.0.0.1 - - [15/Jul/2019 18:37:49] "[37mPOST /chat/169 HTTP/1.0[0m" 200 -
127.0.0.1 - - [15/Jul/2019 18:37:57] "[37mPOST /chat/169 HTTP/1.0[0m" 200 -
127.0.0.1 - - [15/Jul/2019 18:38:04] "[37mPOST /chat/169 HTTP/1.0[0m" 200 -
127.0.0.1 - - [15/Jul/2019 18:38:10] "[37mPOST /chat/169 HTTP/1.0[0m" 200 -
 * Serving Flask app "apiServer" (lazy loading)
 * Environment: production
   WARNING: This is a development server. Do not use it in a production deployment.
   Use a production WSGI server instead.
 * Debug mode: off
 * Running on http://127.0.0.1:5000/ (Press CTRL+C to quit)
127.0.0.1 - - [16/Jul/2019 11:21:39] "[37mPOST /chat/1 HTTP/1.0[0m" 200 -
127.0.0.1 - - [16/Jul/2019 11:23:53] "[37mPOST /chat/11 HTTP/1.0[0m" 200 -
127.0.0.1 - - [16/Jul/2019 11:24:35] "[37mPOST /chat/169 HTTP/1.0[0m" 200 -
127.0.0.1 - - [16/Jul/2019 11:24:55] "[37mPOST /chat/169 HTTP/1.0[0m" 200 -
127.0.0.1 - - [16/Jul/2019 11:25:20] "[37mPOST /chat/169 HTTP/1.0[0m" 200 -
127.0.0.1 - - [16/Jul/2019 11:25:30] "[37mPOST /chat/169 HTTP/1.0[0m" 200 -
127.0.0.1 - - [16/Jul/2019 11:25:36] "[37mPOST /chat/169 HTTP/1.0[0m" 200 -
127.0.0.1 - - [16/Jul/2019 11:25:40] "[37mPOST /chat/169 HTTP/1.0[0m" 200 -
127.0.0.1 - - [16/Jul/2019 11:25:47] "[37mPOST /chat/169 HTTP/1.0[0m" 200 -
127.0.0.1 - - [16/Jul/2019 11:25:51] "[37mPOST /chat/169 HTTP/1.0[0m" 200 -
127.0.0.1 - - [16/Jul/2019 11:26:16] "[37mPOST /chat/169 HTTP/1.0[0m" 200 -
127.0.0.1 - - [16/Jul/2019 11:26:25] "[37mPOST /chat/169 HTTP/1.0[0m" 200 -
127.0.0.1 - - [16/Jul/2019 11:26:40] "[37mPOST /chat/169 HTTP/1.0[0m" 200 -
127.0.0.1 - - [16/Jul/2019 11:27:16] "[37mPOST /chat/169 HTTP/1.0[0m" 200 -
127.0.0.1 - - [16/Jul/2019 11:30:54] "[37mPOST /chat/169 HTTP/1.0[0m" 200 -
127.0.0.1 - - [16/Jul/2019 11:32:29] "[37mPOST /chat/169 HTTP/1.0[0m" 200 -
127.0.0.1 - - [16/Jul/2019 11:34:06] "[37mPOST /chat/169 HTTP/1.0[0m" 200 -
127.0.0.1 - - [16/Jul/2019 11:34:26] "[37mPOST /chat/169 HTTP/1.0[0m" 200 -
127.0.0.1 - - [16/Jul/2019 11:34:43] "[37mPOST /chat/169 HTTP/1.0[0m" 200 -
127.0.0.1 - - [16/Jul/2019 11:35:24] "[37mPOST /chat/169 HTTP/1.0[0m" 200 -
127.0.0.1 - - [16/Jul/2019 11:35:32] "[37mPOST /chat/169 HTTP/1.0[0m" 200 -
127.0.0.1 - - [16/Jul/2019 11:35:51] "[37mPOST /chat/169 HTTP/1.0[0m" 200 -
127.0.0.1 - - [16/Jul/2019 11:36:03] "[37mPOST /chat/169 HTTP/1.0[0m" 200 -
127.0.0.1 - - [16/Jul/2019 11:36:12] "[37mPOST /chat/169 HTTP/1.0[0m" 200 -
127.0.0.1 - - [16/Jul/2019 11:36:24] "[37mPOST /chat/169 HTTP/1.0[0m" 200 -
127.0.0.1 - - [16/Jul/2019 11:36:34] "[37mPOST /chat/169 HTTP/1.0[0m" 200 -
127.0.0.1 - - [16/Jul/2019 11:38:10] "[37mPOST /chat/169 HTTP/1.0[0m" 200 -
127.0.0.1 - - [16/Jul/2019 11:38:28] "[37mPOST /chat/169 HTTP/1.0[0m" 200 -
127.0.0.1 - - [16/Jul/2019 11:48:55] "[37mPOST /chat/169 HTTP/1.0[0m" 200 -
127.0.0.1 - - [16/Jul/2019 11:48:55] "[37mPOST /chat/169 HTTP/1.0[0m" 200 -
127.0.0.1 - - [16/Jul/2019 11:48:56] "[37mPOST /chat/169 HTTP/1.0[0m" 200 -
127.0.0.1 - - [16/Jul/2019 11:48:56] "[37mPOST /chat/169 HTTP/1.0[0m" 200 -
127.0.0.1 - - [16/Jul/2019 11:48:56] "[37mPOST /chat/169 HTTP/1.0[0m" 200 -
127.0.0.1 - - [16/Jul/2019 11:48:57] "[37mPOST /chat/169 HTTP/1.0[0m" 200 -
127.0.0.1 - - [16/Jul/2019 11:48:58] "[37mPOST /chat/169 HTTP/1.0[0m" 200 -
127.0.0.1 - - [16/Jul/2019 11:48:58] "[37mPOST /chat/169 HTTP/1.0[0m" 200 -
127.0.0.1 - - [16/Jul/2019 11:48:58] "[37mPOST /chat/169 HTTP/1.0[0m" 200 -
127.0.0.1 - - [16/Jul/2019 11:48:58] "[37mPOST /chat/169 HTTP/1.0[0m" 200 -
127.0.0.1 - - [16/Jul/2019 11:48:58] "[37mPOST /chat/169 HTTP/1.0[0m" 200 -
127.0.0.1 - - [16/Jul/2019 11:49:15] "[37mPOST /chat/169 HTTP/1.0[0m" 200 -
127.0.0.1 - - [16/Jul/2019 11:49:17] "[37mPOST /chat/169 HTTP/1.0[0m" 200 -
127.0.0.1 - - [16/Jul/2019 11:49:20] "[37mPOST /chat/169 HTTP/1.0[0m" 200 -
127.0.0.1 - - [16/Jul/2019 11:49:21] "[37mPOST /chat/169 HTTP/1.0[0m" 200 -
127.0.0.1 - - [16/Jul/2019 11:49:25] "[37mPOST /chat/169 HTTP/1.0[0m" 200 -
127.0.0.1 - - [16/Jul/2019 11:49:28] "[37mPOST /chat/169 HTTP/1.0[0m" 200 -
127.0.0.1 - - [16/Jul/2019 11:49:29] "[37mPOST /chat/169 HTTP/1.0[0m" 200 -
127.0.0.1 - - [16/Jul/2019 11:49:40] "[37mPOST /chat/169 HTTP/1.0[0m" 200 -
127.0.0.1 - - [16/Jul/2019 11:49:43] "[37mPOST /chat/169 HTTP/1.0[0m" 200 -
127.0.0.1 - - [16/Jul/2019 11:50:05] "[37mPOST /chat/169 HTTP/1.0[0m" 200 -
127.0.0.1 - - [16/Jul/2019 11:50:32] "[37mPOST /chat/169 HTTP/1.0[0m" 200 -
127.0.0.1 - - [16/Jul/2019 11:52:01] "[37mPOST /chat/169 HTTP/1.0[0m" 200 -
127.0.0.1 - - [16/Jul/2019 11:52:06] "[37mPOST /chat/169 HTTP/1.0[0m" 200 -
127.0.0.1 - - [16/Jul/2019 11:52:10] "[37mPOST /chat/169 HTTP/1.0[0m" 200 -
127.0.0.1 - - [16/Jul/2019 11:52:13] "[37mPOST /chat/169 HTTP/1.0[0m" 200 -
127.0.0.1 - - [16/Jul/2019 11:52:14] "[37mPOST /chat/169 HTTP/1.0[0m" 200 -
127.0.0.1 - - [16/Jul/2019 11:52:14] "[37mPOST /chat/169 HTTP/1.0[0m" 200 -
127.0.0.1 - - [16/Jul/2019 11:52:16] "[37mPOST /chat/169 HTTP/1.0[0m" 200 -
127.0.0.1 - - [16/Jul/2019 12:00:41] "[37mPOST /chat/169 HTTP/1.0[0m" 200 -
127.0.0.1 - - [16/Jul/2019 12:00:43] "[37mPOST /chat/169 HTTP/1.0[0m" 200 -
127.0.0.1 - - [16/Jul/2019 12:00:44] "[37mPOST /chat/169 HTTP/1.0[0m" 200 -
127.0.0.1 - - [16/Jul/2019 12:00:51] "[37mPOST /chat/169 HTTP/1.0[0m" 200 -
127.0.0.1 - - [16/Jul/2019 12:00:54] "[37mPOST /chat/169 HTTP/1.0[0m" 200 -
127.0.0.1 - - [16/Jul/2019 12:01:00] "[37mPOST /chat/169 HTTP/1.0[0m" 200 -
127.0.0.1 - - [16/Jul/2019 12:01:05] "[37mPOST /chat/169 HTTP/1.0[0m" 200 -
 * Serving Flask app "apiServer" (lazy loading)
 * Environment: production
   WARNING: This is a development server. Do not use it in a production deployment.
   Use a production WSGI server instead.
 * Debug mode: off
INFO:werkzeug: * Running on http://127.0.0.1:5000/ (Press CTRL+C to quit)
INFO:werkzeug:127.0.0.1 - - [16/Jul/2019 15:04:51] "[37mPOST /chat/1 HTTP/1.0[0m" 200 -
INFO:werkzeug:127.0.0.1 - - [16/Jul/2019 15:05:35] "[37mPOST /chat/1 HTTP/1.0[0m" 200 -
INFO:werkzeug:127.0.0.1 - - [16/Jul/2019 15:06:06] "[37mPOST /chat/1 HTTP/1.0[0m" 200 -
INFO:werkzeug:127.0.0.1 - - [16/Jul/2019 15:14:10] "[37mOPTIONS /chat/1 HTTP/1.0[0m" 200 -
INFO:werkzeug:127.0.0.1 - - [16/Jul/2019 15:17:34] "[37mPOST /chat/1 HTTP/1.0[0m" 200 -
INFO:werkzeug:127.0.0.1 - - [16/Jul/2019 15:17:48] "[37mPOST /chat/1 HTTP/1.0[0m" 200 -
INFO:werkzeug:127.0.0.1 - - [16/Jul/2019 15:17:55] "[37mPOST /chat/1 HTTP/1.0[0m" 200 -
INFO:werkzeug:127.0.0.1 - - [16/Jul/2019 15:18:19] "[37mPOST /chat/1 HTTP/1.0[0m" 200 -
INFO:werkzeug:127.0.0.1 - - [16/Jul/2019 15:18:29] "[37mPOST /chat/1 HTTP/1.0[0m" 200 -
INFO:werkzeug:127.0.0.1 - - [16/Jul/2019 15:18:53] "[37mPOST /chat/1 HTTP/1.0[0m" 200 -
INFO:werkzeug:127.0.0.1 - - [16/Jul/2019 15:19:07] "[37mPOST /chat/1 HTTP/1.0[0m" 200 -
INFO:werkzeug:127.0.0.1 - - [16/Jul/2019 15:20:42] "[37mPOST /chat/1 HTTP/1.0[0m" 200 -
INFO:werkzeug:127.0.0.1 - - [16/Jul/2019 15:21:05] "[37mPOST /chat/1 HTTP/1.0[0m" 200 -
INFO:werkzeug:127.0.0.1 - - [16/Jul/2019 15:21:19] "[37mPOST /chat/1 HTTP/1.0[0m" 200 -
INFO:werkzeug:127.0.0.1 - - [16/Jul/2019 15:22:41] "[37mPOST /chat/1 HTTP/1.0[0m" 200 -
INFO:werkzeug:127.0.0.1 - - [16/Jul/2019 15:22:54] "[37mPOST /chat/1 HTTP/1.0[0m" 200 -
INFO:werkzeug:127.0.0.1 - - [16/Jul/2019 15:23:39] "[37mPOST /chat/1 HTTP/1.0[0m" 200 -
INFO:werkzeug:127.0.0.1 - - [16/Jul/2019 15:28:40] "[37mPOST /chat/1 HTTP/1.0[0m" 200 -
INFO:werkzeug:127.0.0.1 - - [16/Jul/2019 15:28:45] "[37mPOST /chat/1 HTTP/1.0[0m" 200 -
INFO:werkzeug:127.0.0.1 - - [16/Jul/2019 15:28:54] "[37mPOST /chat/1 HTTP/1.0[0m" 200 -
INFO:werkzeug:127.0.0.1 - - [16/Jul/2019 15:28:58] "[37mPOST /chat/1 HTTP/1.0[0m" 200 -
INFO:werkzeug:127.0.0.1 - - [16/Jul/2019 15:32:00] "[37mPOST /chat/1 HTTP/1.0[0m" 200 -
INFO:werkzeug:127.0.0.1 - - [16/Jul/2019 15:32:07] "[37mPOST /chat/1 HTTP/1.0[0m" 200 -
INFO:werkzeug:127.0.0.1 - - [16/Jul/2019 15:32:13] "[37mPOST /chat/1 HTTP/1.0[0m" 200 -
INFO:werkzeug:127.0.0.1 - - [16/Jul/2019 15:32:16] "[37mPOST /chat/1 HTTP/1.0[0m" 200 -
INFO:werkzeug:127.0.0.1 - - [16/Jul/2019 15:37:50] "[37mPOST /chat/1 HTTP/1.0[0m" 200 -
INFO:werkzeug:127.0.0.1 - - [16/Jul/2019 15:37:57] "[37mPOST /chat/1 HTTP/1.0[0m" 200 -
INFO:werkzeug:127.0.0.1 - - [16/Jul/2019 15:52:11] "[37mOPTIONS /chat/1 HTTP/1.0[0m" 200 -
